app/build/outputs/logs/manifest-merger-debug-report.txt
-- Merging decision tree log ---
manifest
ADDED from AndroidManifest.xml:2:1
	xmlns:android
		ADDED from AndroidManifest.xml:2:11
	package
		ADDED from AndroidManifest.xml:3:7
		INJECTED from AndroidManifest.xml:0:0
		INJECTED from AndroidManifest.xml:0:0
	android:versionName
		ADDED from AndroidManifest.xml:5:7
	android:versionCode
		ADDED from AndroidManifest.xml:4:7
		INJECTED from AndroidManifest.xml:0:0
		INJECTED from AndroidManifest.xml:0:0
uses-permission#android.permission.INTERNET
ADDED from AndroidManifest.xml:7:5
	android:name
		ADDED from AndroidManifest.xml:7:22
uses-permission#android.permission.WRITE_EXTERNAL_STORAGE
ADDED from AndroidManifest.xml:8:5
	android:name
		ADDED from AndroidManifest.xml:8:22
uses-feature#android.hardware.camera
ADDED from AndroidManifest.xml:9:5
	android:required
		ADDED from AndroidManifest.xml:9:58
	android:name
		ADDED from AndroidManifest.xml:9:19
application
ADDED from AndroidManifest.xml:11:5
	android:label
		ADDED from AndroidManifest.xml:12:9
activity#com.pragathoys.Main
ADDED from AndroidManifest.xml:14:9
	android:label
		ADDED from AndroidManifest.xml:15:19
	android:name
		ADDED from AndroidManifest.xml:14:19
intent-filter#android.intent.action.MAIN+android.intent.category.LAUNCHER
ADDED from AndroidManifest.xml:16:13
action#android.intent.action.MAIN
ADDED from AndroidManifest.xml:17:17
	android:name
		ADDED from AndroidManifest.xml:17:25
category#android.intent.category.LAUNCHER
ADDED from AndroidManifest.xml:18:17
	android:name
		ADDED from AndroidManifest.xml:18:27
activity#com.pragathoys.lib.activities.About
ADDED from AndroidManifest.xml:21:9
	android:label
		ADDED from AndroidManifest.xml:22:21
	android:name
		ADDED from AndroidManifest.xml:21:21
activity#com.pragathoys.lib.activities.Prefs
ADDED from AndroidManifest.xml:26:9
	android:label
		ADDED from AndroidManifest.xml:27:21
	android:name
		ADDED from AndroidManifest.xml:26:21
activity#com.pragathoys.lib.activities.List
ADDED from AndroidManifest.xml:30:9
	android:label
		ADDED from AndroidManifest.xml:31:21
	android:name
		ADDED from AndroidManifest.xml:30:21
activity#com.pragathoys.lib.activities.Form
ADDED from AndroidManifest.xml:34:9
	android:label
		ADDED from AndroidManifest.xml:35:21
	android:name
		ADDED from AndroidManifest.xml:34:21